<<<<<<< HEAD
Base path: 'D:/Cours/Unity/2019.4.0f1/Editor/Data', plugins path 'D:/Cours/Unity/2019.4.0f1/Editor/Data/PlaybackEngines'
Cmd: initializeCompiler
=======
Base path: 'C:/Program Files/Unity/Editor/Data', plugins path 'C:/Program Files/Unity/Editor/Data/PlaybackEngines'
Cmd: initializeCompiler
Cmd: preprocess
  insize=5021 outsize=1042 ok=1
Cmd: preprocess
  insize=2864 outsize=641 ok=1
Cmd: preprocess
  insize=5206 outsize=1097 ok=1
Cmd: preprocess
  insize=5378 outsize=1131 ok=1
Cmd: preprocess
  insize=5086 outsize=1058 ok=1
Cmd: preprocess
  insize=5105 outsize=1077 ok=1
Cmd: preprocess
  insize=5335 outsize=1112 ok=1
Cmd: preprocess
  insize=5002 outsize=1023 ok=1
Cmd: preprocess
  insize=5187 outsize=1078 ok=1
>>>>>>> baptiste
